2019-08-27 02:54:25.422  WARN 21960 --- [HikariPool-1 housekeeper] com.zaxxer.hikari.pool.HikariPool        : HikariPool-1 - Thread starvation or clock leap detected (housekeeper delta=2h59m37s303ms656µs).
2019-08-27 06:09:01.864  WARN 21960 --- [HikariPool-1 housekeeper] com.zaxxer.hikari.pool.HikariPool        : HikariPool-1 - Thread starvation or clock leap detected (housekeeper delta=2h59m36s349ms729µs100ns).
2019-08-27 09:23:38.008  WARN 21960 --- [HikariPool-1 housekeeper] com.zaxxer.hikari.pool.HikariPool        : HikariPool-1 - Thread starvation or clock leap detected (housekeeper delta=2h59m36s126ms45µs100ns).
2019-08-27 11:21:36.581  WARN 21960 --- [HikariPool-1 housekeeper] com.zaxxer.hikari.pool.HikariPool        : HikariPool-1 - Thread starvation or clock leap detected (housekeeper delta=1h42m58s549ms382µs300ns).
2019-08-27 11:39:01.817  INFO 7640 --- [main] c.yuyang.community.CommunityApplication  : Starting CommunityApplication on DESKTOP-784H7CQ with PID 7640 (started by asus in F:\intellij idea\community_V3)
2019-08-27 11:39:01.821  INFO 7640 --- [main] c.yuyang.community.CommunityApplication  : The following profiles are active: dev
2019-08-27 11:39:03.969  INFO 7640 --- [main] o.s.b.w.embedded.tomcat.TomcatWebServer  : Tomcat initialized with port(s): 8080 (http)
2019-08-27 11:39:04.009  INFO 7640 --- [main] o.apache.catalina.core.StandardService   : Starting service [Tomcat]
2019-08-27 11:39:04.010  INFO 7640 --- [main] org.apache.catalina.core.StandardEngine  : Starting Servlet engine: [Apache Tomcat/9.0.21]
2019-08-27 11:39:04.240  INFO 7640 --- [main] o.a.c.c.C.[Tomcat].[localhost].[/]       : Initializing Spring embedded WebApplicationContext
2019-08-27 11:39:04.241  INFO 7640 --- [main] o.s.web.context.ContextLoader            : Root WebApplicationContext: initialization completed in 2332 ms
2019-08-27 11:39:05.379  INFO 7640 --- [main] o.s.s.concurrent.ThreadPoolTaskExecutor  : Initializing ExecutorService 'applicationTaskExecutor'
2019-08-27 11:39:05.765  INFO 7640 --- [main] o.s.b.a.w.s.WelcomePageHandlerMapping    : Adding welcome page template: index
2019-08-27 11:39:06.022  INFO 7640 --- [main] o.s.b.w.embedded.tomcat.TomcatWebServer  : Tomcat started on port(s): 8080 (http) with context path ''
2019-08-27 11:39:06.027  INFO 7640 --- [main] c.yuyang.community.CommunityApplication  : Started CommunityApplication in 4.765 seconds (JVM running for 8.739)
2019-08-27 11:39:36.653  INFO 7640 --- [http-nio-8080-exec-1] o.a.c.c.C.[Tomcat].[localhost].[/]       : Initializing Spring DispatcherServlet 'dispatcherServlet'
2019-08-27 11:39:36.653  INFO 7640 --- [http-nio-8080-exec-1] o.s.web.servlet.DispatcherServlet        : Initializing Servlet 'dispatcherServlet'
2019-08-27 11:39:36.664  INFO 7640 --- [http-nio-8080-exec-1] o.s.web.servlet.DispatcherServlet        : Completed initialization in 10 ms
2019-08-27 11:39:36.756  INFO 7640 --- [http-nio-8080-exec-1] com.zaxxer.hikari.HikariDataSource       : HikariPool-1 - Starting...
2019-08-27 11:39:36.991  INFO 7640 --- [http-nio-8080-exec-1] com.zaxxer.hikari.HikariDataSource       : HikariPool-1 - Start completed.
2019-08-27 11:44:58.780  INFO 10756 --- [main] c.yuyang.community.CommunityApplication  : Starting CommunityApplication on DESKTOP-784H7CQ with PID 10756 (started by asus in F:\intellij idea\community_V3)
2019-08-27 11:44:58.785  INFO 10756 --- [main] c.yuyang.community.CommunityApplication  : The following profiles are active: dev
2019-08-27 11:45:01.529  INFO 10756 --- [main] o.s.b.w.embedded.tomcat.TomcatWebServer  : Tomcat initialized with port(s): 8080 (http)
2019-08-27 11:45:01.584  INFO 10756 --- [main] o.apache.catalina.core.StandardService   : Starting service [Tomcat]
2019-08-27 11:45:01.585  INFO 10756 --- [main] org.apache.catalina.core.StandardEngine  : Starting Servlet engine: [Apache Tomcat/9.0.21]
2019-08-27 11:45:01.826  INFO 10756 --- [main] o.a.c.c.C.[Tomcat].[localhost].[/]       : Initializing Spring embedded WebApplicationContext
2019-08-27 11:45:01.826  INFO 10756 --- [main] o.s.web.context.ContextLoader            : Root WebApplicationContext: initialization completed in 2874 ms
2019-08-27 11:45:03.134  INFO 10756 --- [main] o.s.s.concurrent.ThreadPoolTaskExecutor  : Initializing ExecutorService 'applicationTaskExecutor'
2019-08-27 11:45:03.554  INFO 10756 --- [main] o.s.b.a.w.s.WelcomePageHandlerMapping    : Adding welcome page template: index
2019-08-27 11:45:03.841  INFO 10756 --- [main] o.s.b.w.embedded.tomcat.TomcatWebServer  : Tomcat started on port(s): 8080 (http) with context path ''
2019-08-27 11:45:03.846  INFO 10756 --- [main] c.yuyang.community.CommunityApplication  : Started CommunityApplication in 5.885 seconds (JVM running for 10.034)
2019-08-27 11:45:03.920  INFO 10756 --- [http-nio-8080-exec-2] o.a.c.c.C.[Tomcat].[localhost].[/]       : Initializing Spring DispatcherServlet 'dispatcherServlet'
2019-08-27 11:45:03.920  INFO 10756 --- [http-nio-8080-exec-2] o.s.web.servlet.DispatcherServlet        : Initializing Servlet 'dispatcherServlet'
2019-08-27 11:45:03.933  INFO 10756 --- [http-nio-8080-exec-2] o.s.web.servlet.DispatcherServlet        : Completed initialization in 12 ms
2019-08-27 11:45:04.032  INFO 10756 --- [http-nio-8080-exec-2] com.zaxxer.hikari.HikariDataSource       : HikariPool-1 - Starting...
2019-08-27 11:45:04.611  INFO 10756 --- [http-nio-8080-exec-2] com.zaxxer.hikari.HikariDataSource       : HikariPool-1 - Start completed.
2019-08-27 11:46:09.007  INFO 17624 --- [main] c.yuyang.community.CommunityApplication  : Starting CommunityApplication on DESKTOP-784H7CQ with PID 17624 (started by asus in F:\intellij idea\community_V3)
2019-08-27 11:46:09.016  INFO 17624 --- [main] c.yuyang.community.CommunityApplication  : The following profiles are active: dev
2019-08-27 11:46:12.136  INFO 17624 --- [main] o.s.b.w.embedded.tomcat.TomcatWebServer  : Tomcat initialized with port(s): 8080 (http)
2019-08-27 11:46:12.216  INFO 17624 --- [main] o.apache.catalina.core.StandardService   : Starting service [Tomcat]
2019-08-27 11:46:12.216  INFO 17624 --- [main] org.apache.catalina.core.StandardEngine  : Starting Servlet engine: [Apache Tomcat/9.0.21]
2019-08-27 11:46:12.626  INFO 17624 --- [main] o.a.c.c.C.[Tomcat].[localhost].[/]       : Initializing Spring embedded WebApplicationContext
2019-08-27 11:46:12.626  INFO 17624 --- [main] o.s.web.context.ContextLoader            : Root WebApplicationContext: initialization completed in 3461 ms
2019-08-27 11:46:14.437  INFO 17624 --- [main] o.s.s.concurrent.ThreadPoolTaskExecutor  : Initializing ExecutorService 'applicationTaskExecutor'
2019-08-27 11:46:14.773  INFO 17624 --- [main] o.s.b.a.w.s.WelcomePageHandlerMapping    : Adding welcome page template: index
2019-08-27 11:46:15.177  INFO 17624 --- [main] o.s.b.w.embedded.tomcat.TomcatWebServer  : Tomcat started on port(s): 8080 (http) with context path ''
2019-08-27 11:46:15.182  INFO 17624 --- [main] c.yuyang.community.CommunityApplication  : Started CommunityApplication in 7.172 seconds (JVM running for 12.729)
2019-08-27 11:46:48.923  INFO 17624 --- [http-nio-8080-exec-1] o.a.c.c.C.[Tomcat].[localhost].[/]       : Initializing Spring DispatcherServlet 'dispatcherServlet'
2019-08-27 11:46:48.923  INFO 17624 --- [http-nio-8080-exec-1] o.s.web.servlet.DispatcherServlet        : Initializing Servlet 'dispatcherServlet'
2019-08-27 11:46:48.935  INFO 17624 --- [http-nio-8080-exec-1] o.s.web.servlet.DispatcherServlet        : Completed initialization in 12 ms
2019-08-27 11:46:49.084  INFO 17624 --- [http-nio-8080-exec-1] com.zaxxer.hikari.HikariDataSource       : HikariPool-1 - Starting...
2019-08-27 11:46:49.406  INFO 17624 --- [http-nio-8080-exec-1] com.zaxxer.hikari.HikariDataSource       : HikariPool-1 - Start completed.
2019-08-27 11:48:32.555  INFO 16920 --- [main] c.yuyang.community.CommunityApplication  : Starting CommunityApplication on DESKTOP-784H7CQ with PID 16920 (started by asus in F:\intellij idea\community_V3)
2019-08-27 11:48:32.559  INFO 16920 --- [main] c.yuyang.community.CommunityApplication  : The following profiles are active: dev
2019-08-27 11:48:35.387  INFO 16920 --- [main] o.s.b.w.embedded.tomcat.TomcatWebServer  : Tomcat initialized with port(s): 8080 (http)
2019-08-27 11:48:35.454  INFO 16920 --- [main] o.apache.catalina.core.StandardService   : Starting service [Tomcat]
2019-08-27 11:48:35.455  INFO 16920 --- [main] org.apache.catalina.core.StandardEngine  : Starting Servlet engine: [Apache Tomcat/9.0.21]
2019-08-27 11:48:35.736  INFO 16920 --- [main] o.a.c.c.C.[Tomcat].[localhost].[/]       : Initializing Spring embedded WebApplicationContext
2019-08-27 11:48:35.736  INFO 16920 --- [main] o.s.web.context.ContextLoader            : Root WebApplicationContext: initialization completed in 3068 ms
2019-08-27 11:48:36.907  INFO 16920 --- [main] o.s.s.concurrent.ThreadPoolTaskExecutor  : Initializing ExecutorService 'applicationTaskExecutor'
2019-08-27 11:48:37.309  INFO 16920 --- [main] o.s.b.a.w.s.WelcomePageHandlerMapping    : Adding welcome page template: index
2019-08-27 11:48:37.595  INFO 16920 --- [main] o.s.b.w.embedded.tomcat.TomcatWebServer  : Tomcat started on port(s): 8080 (http) with context path ''
2019-08-27 11:48:37.599  INFO 16920 --- [main] c.yuyang.community.CommunityApplication  : Started CommunityApplication in 6.088 seconds (JVM running for 11.249)
2019-08-27 11:52:06.727  INFO 16920 --- [http-nio-8080-exec-1] o.a.c.c.C.[Tomcat].[localhost].[/]       : Initializing Spring DispatcherServlet 'dispatcherServlet'
2019-08-27 11:52:06.727  INFO 16920 --- [http-nio-8080-exec-1] o.s.web.servlet.DispatcherServlet        : Initializing Servlet 'dispatcherServlet'
2019-08-27 11:52:06.745  INFO 16920 --- [http-nio-8080-exec-1] o.s.web.servlet.DispatcherServlet        : Completed initialization in 18 ms
2019-08-27 11:52:06.895  INFO 16920 --- [http-nio-8080-exec-1] com.zaxxer.hikari.HikariDataSource       : HikariPool-1 - Starting...
2019-08-27 11:52:07.151  INFO 16920 --- [http-nio-8080-exec-1] com.zaxxer.hikari.HikariDataSource       : HikariPool-1 - Start completed.
2019-08-27 11:54:20.568  INFO 15952 --- [main] c.yuyang.community.CommunityApplication  : Starting CommunityApplication on DESKTOP-784H7CQ with PID 15952 (started by asus in F:\intellij idea\community_V3)
2019-08-27 11:54:20.573  INFO 15952 --- [main] c.yuyang.community.CommunityApplication  : The following profiles are active: dev
2019-08-27 11:54:23.630  INFO 15952 --- [main] o.s.b.w.embedded.tomcat.TomcatWebServer  : Tomcat initialized with port(s): 8080 (http)
2019-08-27 11:54:23.897  INFO 15952 --- [main] o.apache.catalina.core.StandardService   : Starting service [Tomcat]
2019-08-27 11:54:23.898  INFO 15952 --- [main] org.apache.catalina.core.StandardEngine  : Starting Servlet engine: [Apache Tomcat/9.0.21]
2019-08-27 11:54:24.404  INFO 15952 --- [main] o.a.c.c.C.[Tomcat].[localhost].[/]       : Initializing Spring embedded WebApplicationContext
2019-08-27 11:54:24.405  INFO 15952 --- [main] o.s.web.context.ContextLoader            : Root WebApplicationContext: initialization completed in 3648 ms
2019-08-27 11:54:26.213  INFO 15952 --- [main] o.s.s.concurrent.ThreadPoolTaskExecutor  : Initializing ExecutorService 'applicationTaskExecutor'
2019-08-27 11:54:26.542  INFO 15952 --- [main] o.s.b.a.w.s.WelcomePageHandlerMapping    : Adding welcome page template: index
2019-08-27 11:54:27.156  INFO 15952 --- [main] o.s.b.w.embedded.tomcat.TomcatWebServer  : Tomcat started on port(s): 8080 (http) with context path ''
2019-08-27 11:54:27.169  INFO 15952 --- [main] c.yuyang.community.CommunityApplication  : Started CommunityApplication in 7.815 seconds (JVM running for 12.47)
2019-08-27 11:54:28.252  INFO 15952 --- [http-nio-8080-exec-10] o.a.c.c.C.[Tomcat].[localhost].[/]       : Initializing Spring DispatcherServlet 'dispatcherServlet'
2019-08-27 11:54:28.253  INFO 15952 --- [http-nio-8080-exec-10] o.s.web.servlet.DispatcherServlet        : Initializing Servlet 'dispatcherServlet'
2019-08-27 11:54:28.268  INFO 15952 --- [http-nio-8080-exec-10] o.s.web.servlet.DispatcherServlet        : Completed initialization in 15 ms
2019-08-27 11:54:28.411  INFO 15952 --- [http-nio-8080-exec-10] com.zaxxer.hikari.HikariDataSource       : HikariPool-1 - Starting...
2019-08-27 11:54:28.743  INFO 15952 --- [http-nio-8080-exec-10] com.zaxxer.hikari.HikariDataSource       : HikariPool-1 - Start completed.
2019-08-27 11:55:28.944  INFO 10780 --- [main] c.yuyang.community.CommunityApplication  : Starting CommunityApplication on DESKTOP-784H7CQ with PID 10780 (started by asus in F:\intellij idea\community_V3)
2019-08-27 11:55:28.952  INFO 10780 --- [main] c.yuyang.community.CommunityApplication  : The following profiles are active: dev
2019-08-27 11:55:31.885  INFO 10780 --- [main] o.s.b.w.embedded.tomcat.TomcatWebServer  : Tomcat initialized with port(s): 8080 (http)
2019-08-27 11:55:31.940  INFO 10780 --- [main] o.apache.catalina.core.StandardService   : Starting service [Tomcat]
2019-08-27 11:55:31.940  INFO 10780 --- [main] org.apache.catalina.core.StandardEngine  : Starting Servlet engine: [Apache Tomcat/9.0.21]
2019-08-27 11:55:32.240  INFO 10780 --- [main] o.a.c.c.C.[Tomcat].[localhost].[/]       : Initializing Spring embedded WebApplicationContext
2019-08-27 11:55:32.240  INFO 10780 --- [main] o.s.web.context.ContextLoader            : Root WebApplicationContext: initialization completed in 3156 ms
2019-08-27 11:55:34.328  INFO 10780 --- [main] o.s.s.concurrent.ThreadPoolTaskExecutor  : Initializing ExecutorService 'applicationTaskExecutor'
2019-08-27 11:55:35.165  INFO 10780 --- [main] o.s.b.a.w.s.WelcomePageHandlerMapping    : Adding welcome page template: index
2019-08-27 11:55:35.605  INFO 10780 --- [main] o.s.b.w.embedded.tomcat.TomcatWebServer  : Tomcat started on port(s): 8080 (http) with context path ''
2019-08-27 11:55:35.613  INFO 10780 --- [main] c.yuyang.community.CommunityApplication  : Started CommunityApplication in 7.582 seconds (JVM running for 13.171)
2019-08-27 11:56:02.656  INFO 10780 --- [http-nio-8080-exec-1] o.a.c.c.C.[Tomcat].[localhost].[/]       : Initializing Spring DispatcherServlet 'dispatcherServlet'
2019-08-27 11:56:02.657  INFO 10780 --- [http-nio-8080-exec-1] o.s.web.servlet.DispatcherServlet        : Initializing Servlet 'dispatcherServlet'
2019-08-27 11:56:02.667  INFO 10780 --- [http-nio-8080-exec-1] o.s.web.servlet.DispatcherServlet        : Completed initialization in 10 ms
2019-08-27 11:56:02.774  INFO 10780 --- [http-nio-8080-exec-1] com.zaxxer.hikari.HikariDataSource       : HikariPool-1 - Starting...
2019-08-27 11:56:03.041  INFO 10780 --- [http-nio-8080-exec-1] com.zaxxer.hikari.HikariDataSource       : HikariPool-1 - Start completed.
2019-08-27 11:57:47.607  WARN 10780 --- [HikariPool-1 housekeeper] com.zaxxer.hikari.pool.HikariPool        : HikariPool-1 - Thread starvation or clock leap detected (housekeeper delta=1m14s243ms298µs401ns).
2019-08-27 11:57:58.099  INFO 7676 --- [main] c.yuyang.community.CommunityApplication  : Starting CommunityApplication on DESKTOP-784H7CQ with PID 7676 (started by asus in F:\intellij idea\community_V3)
2019-08-27 11:57:58.103  INFO 7676 --- [main] c.yuyang.community.CommunityApplication  : The following profiles are active: dev
2019-08-27 11:58:00.483  INFO 7676 --- [main] o.s.b.w.embedded.tomcat.TomcatWebServer  : Tomcat initialized with port(s): 8080 (http)
2019-08-27 11:58:00.534  INFO 7676 --- [main] o.apache.catalina.core.StandardService   : Starting service [Tomcat]
2019-08-27 11:58:00.534  INFO 7676 --- [main] org.apache.catalina.core.StandardEngine  : Starting Servlet engine: [Apache Tomcat/9.0.21]
2019-08-27 11:58:00.779  INFO 7676 --- [main] o.a.c.c.C.[Tomcat].[localhost].[/]       : Initializing Spring embedded WebApplicationContext
2019-08-27 11:58:00.779  INFO 7676 --- [main] o.s.web.context.ContextLoader            : Root WebApplicationContext: initialization completed in 2589 ms
2019-08-27 11:58:02.011  INFO 7676 --- [main] o.s.s.concurrent.ThreadPoolTaskExecutor  : Initializing ExecutorService 'applicationTaskExecutor'
2019-08-27 11:58:02.435  INFO 7676 --- [main] o.s.b.a.w.s.WelcomePageHandlerMapping    : Adding welcome page template: index
2019-08-27 11:58:02.918  INFO 7676 --- [main] o.s.b.w.embedded.tomcat.TomcatWebServer  : Tomcat started on port(s): 8080 (http) with context path ''
2019-08-27 11:58:02.924  INFO 7676 --- [main] c.yuyang.community.CommunityApplication  : Started CommunityApplication in 5.556 seconds (JVM running for 10.229)
2019-08-27 11:58:11.713  INFO 7676 --- [http-nio-8080-exec-10] o.a.c.c.C.[Tomcat].[localhost].[/]       : Initializing Spring DispatcherServlet 'dispatcherServlet'
2019-08-27 11:58:11.714  INFO 7676 --- [http-nio-8080-exec-10] o.s.web.servlet.DispatcherServlet        : Initializing Servlet 'dispatcherServlet'
2019-08-27 11:58:11.728  INFO 7676 --- [http-nio-8080-exec-10] o.s.web.servlet.DispatcherServlet        : Completed initialization in 14 ms
2019-08-27 11:58:11.856  INFO 7676 --- [http-nio-8080-exec-10] com.zaxxer.hikari.HikariDataSource       : HikariPool-1 - Starting...
2019-08-27 11:58:12.155  INFO 7676 --- [http-nio-8080-exec-10] com.zaxxer.hikari.HikariDataSource       : HikariPool-1 - Start completed.
